[debug] [2026-04-09T07:15:04.112Z] ----------------------------------------------------------------------
[debug] [2026-04-09T07:15:04.130Z] Command:       C:\Program Files\nodejs\node.exe C:\Users\praka\AppData\Roaming\npm\node_modules\firebase-tools\lib\bin\firebase.js deploy
[debug] [2026-04-09T07:15:04.130Z] CLI Version:   15.8.0
[debug] [2026-04-09T07:15:04.130Z] Platform:      win32
[debug] [2026-04-09T07:15:04.130Z] Node Version:  v22.13.1
[debug] [2026-04-09T07:15:04.131Z] Time:          Thu Apr 09 2026 12:45:04 GMT+0530 (India Standard Time)
[debug] [2026-04-09T07:15:04.131Z] ----------------------------------------------------------------------
[debug] 
[debug] [2026-04-09T07:15:04.135Z] >>> [apiv2][query] GET https://firebase-public.firebaseio.com/cli.json [none]
[error] 
[error] Error: Not in a Firebase app directory (could not locate firebase.json)
[debug] [2026-04-09T07:15:08.446Z] Error: EBUSY: resource busy or locked, unlink 'C:\Users\praka\OneDrive\Desktop\Expense tracker\firebase-debug.log'
    at Object.unlinkSync (node:fs:1953:11)
    at process.<anonymous> (C:\Users\praka\AppData\Roaming\npm\node_modules\firebase-tools\lib\bin\cli.js:44:16)
    at process.emit (node:events:536:35)
    at process.exit (node:internal/process/per_thread:182:15)
    at Timeout._onTimeout (C:\Users\praka\AppData\Roaming\npm\node_modules\firebase-tools\lib\errorOut.js:20:17)
    at listOnTimeout (node:internal/timers:594:17)
    at process.processTimers (node:internal/timers:529:7)
[error] 
[error] Error: An unexpected error has occurred.
[debug] [2026-04-09T07:15:08.486Z] *** [apiv2] error from fetch(https://firebase-public.firebaseio.com/cli.json, {"headers":{},"method":"GET"}): FetchError: request to https://firebase-public.firebaseio.com/cli.json failed, reason: socket hang up
[warn] !  Unable to fetch the CLI MOTD and remote config. This is not a fatal error, but may indicate an issue with your network connection. 
[debug] [2026-04-09T07:15:08.487Z] Failed to fetch MOTD FirebaseError: Failed to make request to https://firebase-public.firebaseio.com/cli.json
